WARNING:__main__:Process rank: 0, device: cpu, n_gpu: 0distributed training: True, 16-bits training: False
INFO:__main__:Training parameters TrainingArguments(
_n_gpu=0,
accelerator_config={'split_batches': False, 'dispatch_batches': None, 'even_batches': True, 'use_seedable_sampler': True, 'non_blocking': False, 'gradient_accumulation_kwargs': None, 'use_configured_state': False},
adafactor=False,
adam_beta1=0.9,
adam_beta2=0.999,
adam_epsilon=1e-08,
auto_find_batch_size=False,
average_tokens_across_devices=True,
batch_eval_metrics=False,
bf16=False,
bf16_full_eval=False,
data_seed=None,
dataloader_drop_last=False,
dataloader_num_workers=0,
dataloader_persistent_workers=False,
dataloader_pin_memory=False,
dataloader_prefetch_factor=None,
ddp_backend=None,
ddp_broadcast_buffers=None,
ddp_bucket_cap_mb=None,
ddp_find_unused_parameters=None,
ddp_timeout=1800,
debug=[],
deepspeed=None,
disable_tqdm=False,
do_eval=False,
do_predict=False,
do_train=False,
eval_accumulation_steps=None,
eval_delay=0,
eval_do_concat_batches=True,
eval_on_start=False,
eval_steps=None,
eval_strategy=IntervalStrategy.NO,
eval_use_gather_object=False,
fp16=False,
fp16_backend=auto,
fp16_full_eval=False,
fp16_opt_level=O1,
fsdp=[],
fsdp_config={'min_num_params': 0, 'xla': False, 'xla_fsdp_v2': False, 'xla_fsdp_grad_ckpt': False},
fsdp_min_num_params=0,
fsdp_transformer_layer_cls_to_wrap=None,
full_determinism=False,
gradient_accumulation_steps=1,
gradient_checkpointing=False,
gradient_checkpointing_kwargs=None,
greater_is_better=None,
group_by_length=False,
half_precision_backend=auto,
hub_always_push=False,
hub_model_id=None,
hub_private_repo=None,
hub_revision=None,
hub_strategy=HubStrategy.EVERY_SAVE,
hub_token=<HUB_TOKEN>,
ignore_data_skip=False,
include_for_metrics=[],
include_inputs_for_metrics=False,
include_num_input_tokens_seen=no,
include_tokens_per_second=False,
jit_mode_eval=False,
label_names=None,
label_smoothing_factor=0.0,
learning_rate=5e-05,
length_column_name=length,
liger_kernel_config=None,
load_best_model_at_end=False,
local_rank=0,
log_level=passive,
log_level_replica=warning,
log_on_each_node=True,
logging_dir=./checkpoints/smoke/runs/Oct13_12-17-09_Mac.lan,
logging_first_step=False,
logging_nan_inf_filter=True,
logging_steps=500,
logging_strategy=IntervalStrategy.STEPS,
lr_scheduler_kwargs={},
lr_scheduler_type=SchedulerType.LINEAR,
max_grad_norm=1.0,
max_steps=-1,
metric_for_best_model=None,
mp_parameters=,
neftune_noise_alpha=None,
no_cuda=False,
num_train_epochs=0.01,
optim=OptimizerNames.ADAMW_TORCH_FUSED,
optim_args=None,
optim_target_modules=None,
output_dir=./checkpoints/smoke,
overwrite_output_dir=True,
parallelism_config=None,
past_index=-1,
per_device_eval_batch_size=8,
per_device_train_batch_size=1,
prediction_loss_only=False,
project=huggingface,
push_to_hub=False,
push_to_hub_model_id=None,
push_to_hub_organization=None,
push_to_hub_token=<PUSH_TO_HUB_TOKEN>,
ray_scope=last,
remove_unused_columns=True,
report_to=[],
restore_callback_states_from_checkpoint=False,
resume_from_checkpoint=None,
run_name=None,
save_on_each_node=False,
save_only_model=False,
save_safetensors=True,
save_steps=500,
save_strategy=SaveStrategy.STEPS,
save_total_limit=None,
seed=42,
skip_memory_metrics=True,
tf32=None,
torch_compile=False,
torch_compile_backend=None,
torch_compile_mode=None,
torch_empty_cache_steps=None,
torchdynamo=None,
tpu_metrics_debug=False,
tpu_num_cores=None,
trackio_space_id=trackio,
use_cpu=True,
use_legacy_prediction_loop=False,
use_liger_kernel=False,
use_mps_device=False,
warmup_ratio=0.0,
warmup_steps=0,
weight_decay=0.0,
)
[INFO|configuration_utils.py:765] 2025-10-13 12:17:09,455 >> loading configuration file config.json from cache at /Users/jiawei/.cache/huggingface/hub/models--sshleifer--tiny-gpt2/snapshots/5f91d94bd9cd7190a9f3216ff93cd1dd95f2c7be/config.json
[INFO|configuration_utils.py:839] 2025-10-13 12:17:09,461 >> Model config GPT2Config {
  "activation_function": "gelu_new",
  "architectures": [
    "GPT2LMHeadModel"
  ],
  "attn_pdrop": 0.1,
  "bos_token_id": 50256,
  "embd_pdrop": 0.1,
  "eos_token_id": 50256,
  "initializer_range": 0.02,
  "layer_norm_epsilon": 1e-05,
  "model_type": "gpt2",
  "n_ctx": 1024,
  "n_embd": 2,
  "n_head": 2,
  "n_inner": null,
  "n_layer": 2,
  "n_positions": 1024,
  "reorder_and_upcast_attn": false,
  "resid_pdrop": 0.1,
  "scale_attn_by_inverse_layer_idx": false,
  "scale_attn_weights": true,
  "summary_activation": null,
  "summary_first_dropout": 0.1,
  "summary_proj_to_labels": true,
  "summary_type": "cls_index",
  "summary_use_proj": true,
  "task_specific_params": {
    "text-generation": {
      "do_sample": true,
      "max_length": 50
    }
  },
  "transformers_version": "4.57.0",
  "use_cache": true,
  "vocab_size": 50257
}

[INFO|configuration_utils.py:765] 2025-10-13 12:17:09,563 >> loading configuration file config.json from cache at /Users/jiawei/.cache/huggingface/hub/models--sshleifer--tiny-gpt2/snapshots/5f91d94bd9cd7190a9f3216ff93cd1dd95f2c7be/config.json
[INFO|configuration_utils.py:839] 2025-10-13 12:17:09,564 >> Model config GPT2Config {
  "activation_function": "gelu_new",
  "architectures": [
    "GPT2LMHeadModel"
  ],
  "attn_pdrop": 0.1,
  "bos_token_id": 50256,
  "embd_pdrop": 0.1,
  "eos_token_id": 50256,
  "initializer_range": 0.02,
  "layer_norm_epsilon": 1e-05,
  "model_type": "gpt2",
  "n_ctx": 1024,
  "n_embd": 2,
  "n_head": 2,
  "n_inner": null,
  "n_layer": 2,
  "n_positions": 1024,
  "reorder_and_upcast_attn": false,
  "resid_pdrop": 0.1,
  "scale_attn_by_inverse_layer_idx": false,
  "scale_attn_weights": true,
  "summary_activation": null,
  "summary_first_dropout": 0.1,
  "summary_proj_to_labels": true,
  "summary_type": "cls_index",
  "summary_use_proj": true,
  "task_specific_params": {
    "text-generation": {
      "do_sample": true,
      "max_length": 50
    }
  },
  "transformers_version": "4.57.0",
  "use_cache": true,
  "vocab_size": 50257
}

[INFO|tokenization_utils_base.py:2095] 2025-10-13 12:17:09,635 >> loading file vocab.json from cache at /Users/jiawei/.cache/huggingface/hub/models--sshleifer--tiny-gpt2/snapshots/5f91d94bd9cd7190a9f3216ff93cd1dd95f2c7be/vocab.json
[INFO|tokenization_utils_base.py:2095] 2025-10-13 12:17:09,635 >> loading file merges.txt from cache at /Users/jiawei/.cache/huggingface/hub/models--sshleifer--tiny-gpt2/snapshots/5f91d94bd9cd7190a9f3216ff93cd1dd95f2c7be/merges.txt
[INFO|tokenization_utils_base.py:2095] 2025-10-13 12:17:09,635 >> loading file added_tokens.json from cache at None
[INFO|tokenization_utils_base.py:2095] 2025-10-13 12:17:09,635 >> loading file special_tokens_map.json from cache at /Users/jiawei/.cache/huggingface/hub/models--sshleifer--tiny-gpt2/snapshots/5f91d94bd9cd7190a9f3216ff93cd1dd95f2c7be/special_tokens_map.json
[INFO|tokenization_utils_base.py:2095] 2025-10-13 12:17:09,635 >> loading file tokenizer_config.json from cache at /Users/jiawei/.cache/huggingface/hub/models--sshleifer--tiny-gpt2/snapshots/5f91d94bd9cd7190a9f3216ff93cd1dd95f2c7be/tokenizer_config.json
[INFO|tokenization_utils_base.py:2095] 2025-10-13 12:17:09,635 >> loading file tokenizer.json from cache at None
[INFO|tokenization_utils_base.py:2095] 2025-10-13 12:17:09,636 >> loading file chat_template.jinja from cache at None
[INFO|configuration_utils.py:765] 2025-10-13 12:17:09,636 >> loading configuration file config.json from cache at /Users/jiawei/.cache/huggingface/hub/models--sshleifer--tiny-gpt2/snapshots/5f91d94bd9cd7190a9f3216ff93cd1dd95f2c7be/config.json
[INFO|configuration_utils.py:839] 2025-10-13 12:17:09,638 >> Model config GPT2Config {
  "activation_function": "gelu_new",
  "architectures": [
    "GPT2LMHeadModel"
  ],
  "attn_pdrop": 0.1,
  "bos_token_id": 50256,
  "embd_pdrop": 0.1,
  "eos_token_id": 50256,
  "initializer_range": 0.02,
  "layer_norm_epsilon": 1e-05,
  "model_type": "gpt2",
  "n_ctx": 1024,
  "n_embd": 2,
  "n_head": 2,
  "n_inner": null,
  "n_layer": 2,
  "n_positions": 1024,
  "reorder_and_upcast_attn": false,
  "resid_pdrop": 0.1,
  "scale_attn_by_inverse_layer_idx": false,
  "scale_attn_weights": true,
  "summary_activation": null,
  "summary_first_dropout": 0.1,
  "summary_proj_to_labels": true,
  "summary_type": "cls_index",
  "summary_use_proj": true,
  "task_specific_params": {
    "text-generation": {
      "do_sample": true,
      "max_length": 50
    }
  },
  "transformers_version": "4.57.0",
  "use_cache": true,
  "vocab_size": 50257
}

[INFO|modeling_utils.py:1176] 2025-10-13 12:17:09,757 >> loading weights file pytorch_model.bin from cache at /Users/jiawei/.cache/huggingface/hub/models--sshleifer--tiny-gpt2/snapshots/5f91d94bd9cd7190a9f3216ff93cd1dd95f2c7be/pytorch_model.bin
[INFO|configuration_utils.py:986] 2025-10-13 12:17:09,758 >> Generate config GenerationConfig {
  "bos_token_id": 50256,
  "eos_token_id": 50256
}

[INFO|modeling_utils.py:5102] 2025-10-13 12:17:09,851 >> Generation config file not found, using a generation config created from the model config.
[INFO|dynamic_module_utils.py:423] 2025-10-13 12:17:09,923 >> Could not locate the custom_generate/generate.py inside sshleifer/tiny-gpt2.
[INFO|safetensors_conversion.py:61] 2025-10-13 12:17:09,943 >> Attempting to create safetensors variant
[INFO|safetensors_conversion.py:74] 2025-10-13 12:17:10,184 >> Safetensors PR exists
Using custom data configuration default-3830c4dd9a3ca36c
INFO:datasets.builder:Using custom data configuration default-3830c4dd9a3ca36c
Found cached dataset json (/Users/jiawei/.cache/huggingface/datasets/json/default-3830c4dd9a3ca36c/0.0.0/4d80ec5faec344ea842e25017a662668bf00c8eec2b59a13536060e6e7492b91)
INFO:datasets.builder:Found cached dataset json (/Users/jiawei/.cache/huggingface/datasets/json/default-3830c4dd9a3ca36c/0.0.0/4d80ec5faec344ea842e25017a662668bf00c8eec2b59a13536060e6e7492b91)
/Users/jiawei/Downloads/Project/OR/ORLM/train/finetune.py:181: FutureWarning: `tokenizer` is deprecated and will be removed in version 5.0.0 for `Trainer.__init__`. Use `processing_class` instead.
  trainer = Trainer(
INFO:__main__:*** Train ***
[WARNING|trainer.py:982] 2025-10-13 12:17:10,267 >> The tokenizer has new PAD/BOS/EOS tokens that differ from the model config and generation config. The model config and generation config were aligned accordingly, being updated with the tokenizer's values. Updated tokens: {'pad_token_id': 50256}.
[INFO|trainer.py:2519] 2025-10-13 12:17:10,332 >> ***** Running training *****
[INFO|trainer.py:2520] 2025-10-13 12:17:10,332 >>   Num examples = 3,000
[INFO|trainer.py:2521] 2025-10-13 12:17:10,332 >>   Num Epochs = 1
[INFO|trainer.py:2522] 2025-10-13 12:17:10,332 >>   Instantaneous batch size per device = 1
[INFO|trainer.py:2525] 2025-10-13 12:17:10,332 >>   Total train batch size (w. parallel, distributed & accumulation) = 1
[INFO|trainer.py:2526] 2025-10-13 12:17:10,332 >>   Gradient Accumulation steps = 1
[INFO|trainer.py:2527] 2025-10-13 12:17:10,332 >>   Total optimization steps = 30
[INFO|trainer.py:2528] 2025-10-13 12:17:10,332 >>   Number of trainable parameters = 102,714
  0%|          | 0/30 [00:00<?, ?it/s]/Users/jiawei/Downloads/Project/OR/venv/lib/python3.12/site-packages/transformers/data/data_collator.py:740: UserWarning: Creating a tensor from a list of numpy.ndarrays is extremely slow. Please consider converting the list to a single numpy.ndarray with numpy.array() before converting to a tensor. (Triggered internally at /Users/runner/work/pytorch/pytorch/pytorch/torch/csrc/utils/tensor_new.cpp:256.)
  batch["labels"] = torch.tensor(batch["labels"], dtype=torch.int64)
[WARNING|logging.py:328] 2025-10-13 12:17:10,365 >> `loss_type=None` was set in the config but it is unrecognized. Using the default loss: `ForCausalLMLoss`.
 13%|█▎        | 4/30 [00:00<00:00, 37.33it/s] 37%|███▋      | 11/30 [00:00<00:00, 52.07it/s] 60%|██████    | 18/30 [00:00<00:00, 56.31it/s] 83%|████████▎ | 25/30 [00:00<00:00, 60.64it/s][INFO|trainer.py:4309] 2025-10-13 12:17:10,849 >> Saving model checkpoint to ./checkpoints/smoke/checkpoint-30
[INFO|configuration_utils.py:491] 2025-10-13 12:17:10,850 >> Configuration saved in ./checkpoints/smoke/checkpoint-30/config.json
[INFO|configuration_utils.py:757] 2025-10-13 12:17:10,850 >> Configuration saved in ./checkpoints/smoke/checkpoint-30/generation_config.json
[INFO|modeling_utils.py:4185] 2025-10-13 12:17:10,852 >> Model weights saved in ./checkpoints/smoke/checkpoint-30/model.safetensors
[INFO|tokenization_utils_base.py:2590] 2025-10-13 12:17:10,852 >> tokenizer config file saved in ./checkpoints/smoke/checkpoint-30/tokenizer_config.json
[INFO|tokenization_utils_base.py:2599] 2025-10-13 12:17:10,853 >> Special tokens file saved in ./checkpoints/smoke/checkpoint-30/special_tokens_map.json
[INFO|trainer.py:2810] 2025-10-13 12:17:10,901 >> 

Training completed. Do not forget to share your model on huggingface.co/models =)


                                               100%|██████████| 30/30 [00:00<00:00, 60.64it/s]100%|██████████| 30/30 [00:00<00:00, 52.71it/s]
[INFO|trainer.py:4309] 2025-10-13 12:17:10,901 >> Saving model checkpoint to ./checkpoints/smoke
[INFO|configuration_utils.py:491] 2025-10-13 12:17:10,902 >> Configuration saved in ./checkpoints/smoke/config.json
[INFO|configuration_utils.py:757] 2025-10-13 12:17:10,902 >> Configuration saved in ./checkpoints/smoke/generation_config.json
[INFO|modeling_utils.py:4185] 2025-10-13 12:17:10,903 >> Model weights saved in ./checkpoints/smoke/model.safetensors
[INFO|tokenization_utils_base.py:2590] 2025-10-13 12:17:10,903 >> tokenizer config file saved in ./checkpoints/smoke/tokenizer_config.json
[INFO|tokenization_utils_base.py:2599] 2025-10-13 12:17:10,903 >> Special tokens file saved in ./checkpoints/smoke/special_tokens_map.json
{'train_runtime': 0.5692, 'train_samples_per_second': 52.705, 'train_steps_per_second': 52.705, 'train_loss': 0.0, 'epoch': 0.01}
***** train metrics *****
  epoch                    =       0.01
  total_flos               =        0GF
  train_loss               =        0.0
  train_runtime            = 0:00:00.56
  train_samples            =       3000
  train_samples_per_second =     52.705
  train_steps_per_second   =     52.705
